<?xml version="1.0" encoding="UTF-8"?>
<!-- Generated by org.testng.reporters.JUnitXMLReporter -->
<testsuite hostname="NEWPC" failures="2" tests="4" name="Test" time="99.135" errors="0" timestamp="25 Aug 2022 12:28:27 GMT">
  <testcase classname="FrameworkDemo.AboutAutomateTest" name="failAboutAutomateExist" time="30.779">
    <failure type="java.lang.AssertionError" message="Automation version not visible. expected [false] but found [true]">
      <![CDATA[java.lang.AssertionError: Automation version not visible. expected [false] but found [true]
	at FrameworkDemo.AboutAutomateTest.failAboutAutomateExist(AboutAutomateTest.java:53)
... Removed 27 stack frames]]>
    </failure>
  </testcase> <!-- failAboutAutomateExist -->
  <testcase classname="FrameworkDemo.AboutAutomateTest" name="verifyAboutAutomateExist" time="31.52"/>
  <testcase classname="FrameworkDemo.FlowTest" name="verifyHelpTest" time="4.315"/>
  <testcase classname="FrameworkDemo.FlowTest" name="verifyThemeChange" time="2.738">
    <failure type="java.lang.RuntimeException" message="Unbale to select Theme">
      <![CDATA[java.lang.RuntimeException: Unbale to select Theme
	at pageObjects.SideoptionPage.selectTheme(SideoptionPage.java:58)
	at FrameworkDemo.FlowTest.verifyThemeChange(FlowTest.java:48)
... Removed 24 stack frames]]>
    </failure>
  </testcase> <!-- verifyThemeChange -->
</testsuite> <!-- Test -->
